  Application.cpp
  Input.cpp
  ImGuiLayer.cpp
  OpenGLRendererAPI.cpp
  OpenGLShader.cpp
  OpenGLTexture.cpp
  Buffer.cpp
  RenderCommand.cpp
  Renderer.cpp
  Renderer2D.cpp
  Shader.cpp
  Texture.cpp
C:\Dev\TGEP\TGEP\src\Profiling.h(132,1): warning C4267: 'initializing': conversion from 'size_t' to 'uint32_t', possible loss of data (compiling source file src\Layers\ImGuiLayer.cpp)
C:\Dev\TGEP\TGEP\src\Profiling.h(217,60): warning C4244: '=': conversion from 'ULONGLONG' to 'double', possible loss of data (compiling source file src\Layers\ImGuiLayer.cpp)
C:\Dev\TGEP\TGEP\src\Profiling.h(132,1): warning C4267: 'initializing': conversion from 'size_t' to 'uint32_t', possible loss of data (compiling source file src\Renderer\Renderer2D.cpp)
C:\Dev\TGEP\TGEP\src\Profiling.h(132,1): warning C4267: 'initializing': conversion from 'size_t' to 'uint32_t', possible loss of data (compiling source file src\Input.cpp)
C:\Dev\TGEP\TGEP\src\Profiling.h(217,60): warning C4244: '=': conversion from 'ULONGLONG' to 'double', possible loss of data (compiling source file src\Renderer\Renderer2D.cpp)
C:\Dev\TGEP\TGEP\src\Profiling.h(217,60): warning C4244: '=': conversion from 'ULONGLONG' to 'double', possible loss of data (compiling source file src\Input.cpp)
C:\Dev\TGEP\TGEP\src\Profiling.h(132,1): warning C4267: 'initializing': conversion from 'size_t' to 'uint32_t', possible loss of data (compiling source file src\Application.cpp)
C:\Dev\TGEP\TGEP\src\Profiling.h(217,60): warning C4244: '=': conversion from 'ULONGLONG' to 'double', possible loss of data (compiling source file src\Application.cpp)
C:\Dev\TGEP\TGEP\src\Profiling.h(132,1): warning C4267: 'initializing': conversion from 'size_t' to 'uint32_t', possible loss of data (compiling source file src\Renderer\RenderCommand.cpp)
C:\Dev\TGEP\TGEP\src\Profiling.h(217,60): warning C4244: '=': conversion from 'ULONGLONG' to 'double', possible loss of data (compiling source file src\Renderer\RenderCommand.cpp)
C:\Dev\TGEP\TGEP\src\Profiling.h(132,1): warning C4267: 'initializing': conversion from 'size_t' to 'uint32_t', possible loss of data (compiling source file src\Renderer\Renderer.cpp)
C:\Dev\TGEP\TGEP\src\Profiling.h(217,60): warning C4244: '=': conversion from 'ULONGLONG' to 'double', possible loss of data (compiling source file src\Renderer\Renderer.cpp)
C:\Dev\TGEP\TGEP\src\Profiling.h(132,1): warning C4267: 'initializing': conversion from 'size_t' to 'uint32_t', possible loss of data (compiling source file src\RenderAPI\OpenGL\OpenGLRendererAPI.cpp)
C:\Dev\TGEP\TGEP\src\Profiling.h(217,60): warning C4244: '=': conversion from 'ULONGLONG' to 'double', possible loss of data (compiling source file src\RenderAPI\OpenGL\OpenGLRendererAPI.cpp)
C:\Dev\TGEP\TGEP\src\Profiling.h(132,1): warning C4267: 'initializing': conversion from 'size_t' to 'uint32_t', possible loss of data (compiling source file src\RenderAPI\OpenGL\OpenGLShader.cpp)
C:\Dev\TGEP\TGEP\src\Profiling.h(217,60): warning C4244: '=': conversion from 'ULONGLONG' to 'double', possible loss of data (compiling source file src\RenderAPI\OpenGL\OpenGLShader.cpp)
C:\Dev\TGEP\TGEP\src\Profiling.h(132,1): warning C4267: 'initializing': conversion from 'size_t' to 'uint32_t', possible loss of data (compiling source file src\Renderer\Shader.cpp)
C:\Dev\TGEP\TGEP\src\Profiling.h(217,60): warning C4244: '=': conversion from 'ULONGLONG' to 'double', possible loss of data (compiling source file src\Renderer\Shader.cpp)
C:\Dev\TGEP\TGEP\src\Profiling.h(132,1): warning C4267: 'initializing': conversion from 'size_t' to 'uint32_t', possible loss of data (compiling source file src\Renderer\Buffer.cpp)
C:\Dev\TGEP\TGEP\src\Profiling.h(217,60): warning C4244: '=': conversion from 'ULONGLONG' to 'double', possible loss of data (compiling source file src\Renderer\Buffer.cpp)
C:\Dev\TGEP\TGEP\src\Profiling.h(132,1): warning C4267: 'initializing': conversion from 'size_t' to 'uint32_t', possible loss of data (compiling source file src\RenderAPI\OpenGL\OpenGLTexture.cpp)
C:\Dev\TGEP\TGEP\src\Profiling.h(217,60): warning C4244: '=': conversion from 'ULONGLONG' to 'double', possible loss of data (compiling source file src\RenderAPI\OpenGL\OpenGLTexture.cpp)
C:\Dev\TGEP\TGEP\src\Profiling.h(132,1): warning C4267: 'initializing': conversion from 'size_t' to 'uint32_t', possible loss of data (compiling source file src\Renderer\Texture.cpp)
C:\Dev\TGEP\TGEP\src\Profiling.h(217,60): warning C4244: '=': conversion from 'ULONGLONG' to 'double', possible loss of data (compiling source file src\Renderer\Texture.cpp)
C:\Dev\TGEP\TGEP\src\Renderer\Renderer2D.cpp(48,3): warning C4003: not enough arguments for function-like macro invocation 'PROFILE_FUNCTION'
C:\Dev\TGEP\TGEP\src\Renderer\Renderer2D.cpp(116,3): warning C4003: not enough arguments for function-like macro invocation 'PROFILE_FUNCTION'
C:\Dev\TGEP\TGEP\src\Renderer\Renderer2D.cpp(121,3): warning C4003: not enough arguments for function-like macro invocation 'PROFILE_FUNCTION'
C:\Dev\TGEP\TGEP\src\Renderer\Renderer2D.cpp(133,3): warning C4003: not enough arguments for function-like macro invocation 'PROFILE_FUNCTION'
C:\Dev\TGEP\TGEP\src\Renderer\Renderer2D.cpp(135,21): warning C4244: 'initializing': conversion from '__int64' to 'uint32_t', possible loss of data
C:\Dev\TGEP\TGEP\src\Renderer\Renderer2D.cpp(143,3): warning C4003: not enough arguments for function-like macro invocation 'PROFILE_FUNCTION'
C:\Dev\TGEP\TGEP\src\Renderer\Renderer2D.cpp(182,3): warning C4003: not enough arguments for function-like macro invocation 'PROFILE_FUNCTION'
C:\Dev\TGEP\TGEP\src\Renderer\Renderer.cpp(15,9): warning C4003: not enough arguments for function-like macro invocation 'PROFILE_FUNCTION'
C:\Dev\TGEP\TGEP\src\Renderer\Renderer2D.cpp(225,3): warning C4003: not enough arguments for function-like macro invocation 'PROFILE_FUNCTION'
C:\Dev\TGEP\TGEP\src\Renderer\Renderer2D.cpp(302,3): warning C4003: not enough arguments for function-like macro invocation 'PROFILE_FUNCTION'
C:\Dev\TGEP\TGEP\src\Renderer\Renderer2D.cpp(348,3): warning C4003: not enough arguments for function-like macro invocation 'PROFILE_FUNCTION'
C:\Dev\TGEP\TGEP\src\Layers\ImGuiLayer.cpp(30,9): warning C4003: not enough arguments for function-like macro invocation 'PROFILE_FUNCTION'
C:\Dev\TGEP\TGEP\src\Layers\ImGuiLayer.cpp(62,9): warning C4003: not enough arguments for function-like macro invocation 'PROFILE_FUNCTION'
C:\Dev\TGEP\TGEP\src\Layers\ImGuiLayer.cpp(70,9): warning C4003: not enough arguments for function-like macro invocation 'PROFILE_FUNCTION'
C:\Dev\TGEP\TGEP\src\Layers\ImGuiLayer.cpp(78,9): warning C4003: not enough arguments for function-like macro invocation 'PROFILE_FUNCTION'
C:\Dev\TGEP\TGEP\src\Application.cpp(20,9): warning C4003: not enough arguments for function-like macro invocation 'PROFILE_FUNCTION'
C:\Dev\TGEP\TGEP\src\RenderAPI\OpenGL\OpenGLShader.cpp(24,9): warning C4003: not enough arguments for function-like macro invocation 'PROFILE_FUNCTION'
C:\Dev\TGEP\TGEP\src\RenderAPI\OpenGL\OpenGLTexture.cpp(12,9): warning C4003: not enough arguments for function-like macro invocation 'PROFILE_FUNCTION'
C:\Dev\TGEP\TGEP\src\RenderAPI\OpenGL\OpenGLTexture.cpp(29,9): warning C4003: not enough arguments for function-like macro invocation 'PROFILE_FUNCTION'
C:\Dev\TGEP\TGEP\src\RenderAPI\OpenGL\OpenGLTexture.cpp(34,13): warning C4002: too many arguments for function-like macro invocation 'PROFILE_SCOPED'
C:\Dev\TGEP\TGEP\src\RenderAPI\OpenGL\OpenGLTexture.cpp(74,9): warning C4003: not enough arguments for function-like macro invocation 'PROFILE_FUNCTION'
C:\Dev\TGEP\TGEP\src\RenderAPI\OpenGL\OpenGLTexture.cpp(80,9): warning C4003: not enough arguments for function-like macro invocation 'PROFILE_FUNCTION'
C:\Dev\TGEP\TGEP\src\RenderAPI\OpenGL\OpenGLTexture.cpp(88,9): warning C4003: not enough arguments for function-like macro invocation 'PROFILE_FUNCTION'
C:\Dev\TGEP\TGEP\src\RenderAPI\OpenGL\OpenGLShader.cpp(38,9): warning C4003: not enough arguments for function-like macro invocation 'PROFILE_FUNCTION'
C:\Dev\TGEP\TGEP\src\RenderAPI\OpenGL\OpenGLShader.cpp(48,9): warning C4003: not enough arguments for function-like macro invocation 'PROFILE_FUNCTION'
C:\Dev\TGEP\TGEP\src\RenderAPI\OpenGL\OpenGLShader.cpp(54,9): warning C4003: not enough arguments for function-like macro invocation 'PROFILE_FUNCTION'
C:\Dev\TGEP\TGEP\src\RenderAPI\OpenGL\OpenGLShader.cpp(97,9): warning C4003: not enough arguments for function-like macro invocation 'PROFILE_FUNCTION'
C:\Dev\TGEP\TGEP\src\RenderAPI\OpenGL\OpenGLShader.cpp(162,9): warning C4003: not enough arguments for function-like macro invocation 'PROFILE_FUNCTION'
C:\Dev\TGEP\TGEP\src\RenderAPI\OpenGL\OpenGLShader.cpp(168,9): warning C4003: not enough arguments for function-like macro invocation 'PROFILE_FUNCTION'
C:\Dev\TGEP\TGEP\src\RenderAPI\OpenGL\OpenGLShader.cpp(174,9): warning C4003: not enough arguments for function-like macro invocation 'PROFILE_FUNCTION'
C:\Dev\TGEP\TGEP\src\RenderAPI\OpenGL\OpenGLShader.cpp(180,9): warning C4003: not enough arguments for function-like macro invocation 'PROFILE_FUNCTION'
C:\Dev\TGEP\TGEP\src\RenderAPI\OpenGL\OpenGLShader.cpp(186,9): warning C4003: not enough arguments for function-like macro invocation 'PROFILE_FUNCTION'
C:\Dev\TGEP\TGEP\src\RenderAPI\OpenGL\OpenGLShader.cpp(192,9): warning C4003: not enough arguments for function-like macro invocation 'PROFILE_FUNCTION'
C:\Dev\TGEP\TGEP\src\RenderAPI\OpenGL\OpenGLShader.cpp(198,9): warning C4003: not enough arguments for function-like macro invocation 'PROFILE_FUNCTION'
C:\Dev\TGEP\TGEP\src\Application.cpp(48,9): warning C4003: not enough arguments for function-like macro invocation 'PROFILE_FUNCTION'
C:\Dev\TGEP\TGEP\src\Application.cpp(55,9): warning C4003: not enough arguments for function-like macro invocation 'PROFILE_FUNCTION'
C:\Dev\TGEP\TGEP\src\Application.cpp(62,9): warning C4003: not enough arguments for function-like macro invocation 'PROFILE_FUNCTION'
C:\Dev\TGEP\TGEP\src\Application.cpp(80,9): warning C4003: not enough arguments for function-like macro invocation 'PROFILE_FUNCTION'
C:\Dev\TGEP\TGEP\src\Application.cpp(90,17): warning C4002: too many arguments for function-like macro invocation 'PROFILE_SCOPED'
C:\Dev\TGEP\TGEP\src\Application.cpp(100,17): warning C4002: too many arguments for function-like macro invocation 'PROFILE_SCOPED'
C:\Dev\TGEP\TGEP\src\Application.cpp(119,9): warning C4003: not enough arguments for function-like macro invocation 'PROFILE_FUNCTION'
  VertexArray.cpp
C:\Dev\TGEP\TGEP\src\Profiling.h(132,1): warning C4267: 'initializing': conversion from 'size_t' to 'uint32_t', possible loss of data (compiling source file src\Renderer\VertexArray.cpp)
C:\Dev\TGEP\TGEP\src\Profiling.h(217,60): warning C4244: '=': conversion from 'ULONGLONG' to 'double', possible loss of data (compiling source file src\Renderer\VertexArray.cpp)
  TGEP.vcxproj -> C:\Dev\TGEP\bin\Release-windows-x86_64\TGEP\TGEP.lib
