ImGui.lib(imgui.obj) : error LNK2019: unresolved external symbol "bool __cdecl ImGui::BeginTable(char const *,int,int,struct ImVec2 const &,float)" (?BeginTable@ImGui@@YA_NPEBDHHAEBUImVec2@@M@Z) referenced in function "void __cdecl ImGui::DebugNodeDockNode(struct ImGuiDockNode *,char const *)" (?DebugNodeDockNode@ImGui@@YAXPEAUImGuiDockNode@@PEBD@Z)
ImGui.lib(imgui_demo.obj) : error LNK2001: unresolved external symbol "bool __cdecl ImGui::BeginTable(char const *,int,int,struct ImVec2 const &,float)" (?BeginTable@ImGui@@YA_NPEBDHHAEBUImVec2@@M@Z)
ImGui.lib(imgui.obj) : error LNK2019: unresolved external symbol "void __cdecl ImGui::EndTable(void)" (?EndTable@ImGui@@YAXXZ) referenced in function "void __cdecl ImGui::DebugNodeDockNode(struct ImGuiDockNode *,char const *)" (?DebugNodeDockNode@ImGui@@YAXPEAUImGuiDockNode@@PEBD@Z)
ImGui.lib(imgui_demo.obj) : error LNK2001: unresolved external symbol "void __cdecl ImGui::EndTable(void)" (?EndTable@ImGui@@YAXXZ)
ImGui.lib(imgui.obj) : error LNK2019: unresolved external symbol "bool __cdecl ImGui::TableNextColumn(void)" (?TableNextColumn@ImGui@@YA_NXZ) referenced in function "void __cdecl ImGui::DebugNodeDockNode(struct ImGuiDockNode *,char const *)" (?DebugNodeDockNode@ImGui@@YAXPEAUImGuiDockNode@@PEBD@Z)
ImGui.lib(imgui_demo.obj) : error LNK2001: unresolved external symbol "bool __cdecl ImGui::TableNextColumn(void)" (?TableNextColumn@ImGui@@YA_NXZ)
ImGui.lib(imgui.obj) : error LNK2019: unresolved external symbol "void __cdecl ImGui::TableSetupColumn(char const *,int,float,unsigned int)" (?TableSetupColumn@ImGui@@YAXPEBDHMI@Z) referenced in function "void __cdecl ImGui::DebugTextEncoding(char const *)" (?DebugTextEncoding@ImGui@@YAXPEBD@Z)
ImGui.lib(imgui_demo.obj) : error LNK2001: unresolved external symbol "void __cdecl ImGui::TableSetupColumn(char const *,int,float,unsigned int)" (?TableSetupColumn@ImGui@@YAXPEBDHMI@Z)
ImGui.lib(imgui.obj) : error LNK2019: unresolved external symbol "void __cdecl ImGui::TableHeadersRow(void)" (?TableHeadersRow@ImGui@@YAXXZ) referenced in function "void __cdecl ImGui::DebugTextEncoding(char const *)" (?DebugTextEncoding@ImGui@@YAXPEBD@Z)
ImGui.lib(imgui_demo.obj) : error LNK2001: unresolved external symbol "void __cdecl ImGui::TableHeadersRow(void)" (?TableHeadersRow@ImGui@@YAXXZ)
ImGui.lib(imgui.obj) : error LNK2019: unresolved external symbol "void __cdecl ImGui::TableSetBgColor(int,unsigned int,int)" (?TableSetBgColor@ImGui@@YAXHIH@Z) referenced in function "void __cdecl ImGui::ShowStackToolWindow(bool *)" (?ShowStackToolWindow@ImGui@@YAXPEA_N@Z)
ImGui.lib(imgui_demo.obj) : error LNK2001: unresolved external symbol "void __cdecl ImGui::TableSetBgColor(int,unsigned int,int)" (?TableSetBgColor@ImGui@@YAXHIH@Z)
ImGui.lib(imgui.obj) : error LNK2019: unresolved external symbol "void __cdecl ImGui::EndColumns(void)" (?EndColumns@ImGui@@YAXXZ) referenced in function "void __cdecl ImGui::End(void)" (?End@ImGui@@YAXXZ)
ImGui.lib(imgui.obj) : error LNK2019: unresolved external symbol "float __cdecl ImGui::GetColumnOffsetFromNorm(struct ImGuiOldColumns const *,float)" (?GetColumnOffsetFromNorm@ImGui@@YAMPEBUImGuiOldColumns@@M@Z) referenced in function "void __cdecl ImGui::DebugNodeColumns(struct ImGuiOldColumns *)" (?DebugNodeColumns@ImGui@@YAXPEAUImGuiOldColumns@@@Z)
ImGui.lib(imgui.obj) : error LNK2019: unresolved external symbol "void __cdecl ImGui::TableEndRow(struct ImGuiTable *)" (?TableEndRow@ImGui@@YAXPEAUImGuiTable@@@Z) referenced in function "public: void __cdecl ImGuiListClipper::Begin(int,float)" (?Begin@ImGuiListClipper@@QEAAXHM@Z)
ImGui.lib(imgui.obj) : error LNK2019: unresolved external symbol "void __cdecl ImGui::TableGcCompactTransientBuffers(struct ImGuiTable *)" (?TableGcCompactTransientBuffers@ImGui@@YAXPEAUImGuiTable@@@Z) referenced in function "void __cdecl ImGui::NewFrame(void)" (?NewFrame@ImGui@@YAXXZ)
ImGui.lib(imgui.obj) : error LNK2019: unresolved external symbol "void __cdecl ImGui::TableGcCompactTransientBuffers(struct ImGuiTableTempData *)" (?TableGcCompactTransientBuffers@ImGui@@YAXPEAUImGuiTableTempData@@@Z) referenced in function "void __cdecl ImGui::NewFrame(void)" (?NewFrame@ImGui@@YAXXZ)
ImGui.lib(imgui.obj) : error LNK2019: unresolved external symbol "void __cdecl ImGui::TableGcCompactSettings(void)" (?TableGcCompactSettings@ImGui@@YAXXZ) referenced in function "void __cdecl ImGui::GcCompactTransientMiscBuffers(void)" (?GcCompactTransientMiscBuffers@ImGui@@YAXXZ)
ImGui.lib(imgui.obj) : error LNK2019: unresolved external symbol "void __cdecl ImGui::TableSettingsAddSettingsHandler(void)" (?TableSettingsAddSettingsHandler@ImGui@@YAXXZ) referenced in function "void __cdecl ImGui::Initialize(void)" (?Initialize@ImGui@@YAXXZ)
ImGui.lib(imgui.obj) : error LNK2019: unresolved external symbol "void __cdecl ImGui::DebugNodeTable(struct ImGuiTable *)" (?DebugNodeTable@ImGui@@YAXPEAUImGuiTable@@@Z) referenced in function "void __cdecl ImGui::ShowMetricsWindow(bool *)" (?ShowMetricsWindow@ImGui@@YAXPEA_N@Z)
ImGui.lib(imgui.obj) : error LNK2019: unresolved external symbol "void __cdecl ImGui::DebugNodeTableSettings(struct ImGuiTableSettings *)" (?DebugNodeTableSettings@ImGui@@YAXPEAUImGuiTableSettings@@@Z) referenced in function "void __cdecl ImGui::ShowMetricsWindow(bool *)" (?ShowMetricsWindow@ImGui@@YAXPEA_N@Z)
ImGui.lib(imgui_widgets.obj) : error LNK2019: unresolved external symbol "void __cdecl ImGui::PushColumnsBackground(void)" (?PushColumnsBackground@ImGui@@YAXXZ) referenced in function "bool __cdecl ImGui::Selectable(char const *,bool,int,struct ImVec2 const &)" (?Selectable@ImGui@@YA_NPEBD_NHAEBUImVec2@@@Z)
ImGui.lib(imgui_widgets.obj) : error LNK2019: unresolved external symbol "void __cdecl ImGui::PopColumnsBackground(void)" (?PopColumnsBackground@ImGui@@YAXXZ) referenced in function "bool __cdecl ImGui::Selectable(char const *,bool,int,struct ImVec2 const &)" (?Selectable@ImGui@@YA_NPEBD_NHAEBUImVec2@@@Z)
ImGui.lib(imgui_widgets.obj) : error LNK2019: unresolved external symbol "void __cdecl ImGui::TablePushBackgroundChannel(void)" (?TablePushBackgroundChannel@ImGui@@YAXXZ) referenced in function "bool __cdecl ImGui::Selectable(char const *,bool,int,struct ImVec2 const &)" (?Selectable@ImGui@@YA_NPEBD_NHAEBUImVec2@@@Z)
ImGui.lib(imgui_widgets.obj) : error LNK2019: unresolved external symbol "void __cdecl ImGui::TablePopBackgroundChannel(void)" (?TablePopBackgroundChannel@ImGui@@YAXXZ) referenced in function "bool __cdecl ImGui::Selectable(char const *,bool,int,struct ImVec2 const &)" (?Selectable@ImGui@@YA_NPEBD_NHAEBUImVec2@@@Z)
TGEP.lib(ImGuiLayer.obj) : error LNK2019: unresolved external symbol "bool __cdecl ImGui_ImplOpenGL3_Init(char const *)" (?ImGui_ImplOpenGL3_Init@@YA_NPEBD@Z) referenced in function "public: virtual void __cdecl TGEP::ImGuiLayer::OnAttach(void)" (?OnAttach@ImGuiLayer@TGEP@@UEAAXXZ)
TGEP.lib(ImGuiLayer.obj) : error LNK2019: unresolved external symbol "void __cdecl ImGui_ImplOpenGL3_Shutdown(void)" (?ImGui_ImplOpenGL3_Shutdown@@YAXXZ) referenced in function "public: virtual void __cdecl TGEP::ImGuiLayer::OnDetach(void)" (?OnDetach@ImGuiLayer@TGEP@@UEAAXXZ)
TGEP.lib(ImGuiLayer.obj) : error LNK2019: unresolved external symbol "void __cdecl ImGui_ImplOpenGL3_NewFrame(void)" (?ImGui_ImplOpenGL3_NewFrame@@YAXXZ) referenced in function "public: void __cdecl TGEP::ImGuiLayer::Begin(void)" (?Begin@ImGuiLayer@TGEP@@QEAAXXZ)
TGEP.lib(ImGuiLayer.obj) : error LNK2019: unresolved external symbol "void __cdecl ImGui_ImplOpenGL3_RenderDrawData(struct ImDrawData *)" (?ImGui_ImplOpenGL3_RenderDrawData@@YAXPEAUImDrawData@@@Z) referenced in function "public: void __cdecl TGEP::ImGuiLayer::End(void)" (?End@ImGuiLayer@TGEP@@QEAAXXZ)
GLFW.lib(init.obj) : error LNK2019: unresolved external symbol _glfwSelectPlatform referenced in function glfwInit
GLFW.lib(osmesa_context.obj) : error LNK2001: unresolved external symbol _glfwPlatformLoadModule
GLFW.lib(vulkan.obj) : error LNK2001: unresolved external symbol _glfwPlatformLoadModule
GLFW.lib(win32_init.obj) : error LNK2001: unresolved external symbol _glfwPlatformLoadModule
GLFW.lib(wgl_context.obj) : error LNK2001: unresolved external symbol _glfwPlatformLoadModule
GLFW.lib(egl_context.obj) : error LNK2001: unresolved external symbol _glfwPlatformLoadModule
GLFW.lib(osmesa_context.obj) : error LNK2001: unresolved external symbol _glfwPlatformFreeModule
GLFW.lib(vulkan.obj) : error LNK2001: unresolved external symbol _glfwPlatformFreeModule
GLFW.lib(win32_init.obj) : error LNK2001: unresolved external symbol _glfwPlatformFreeModule
GLFW.lib(wgl_context.obj) : error LNK2001: unresolved external symbol _glfwPlatformFreeModule
GLFW.lib(egl_context.obj) : error LNK2001: unresolved external symbol _glfwPlatformFreeModule
GLFW.lib(osmesa_context.obj) : error LNK2001: unresolved external symbol _glfwPlatformGetModuleSymbol
GLFW.lib(vulkan.obj) : error LNK2001: unresolved external symbol _glfwPlatformGetModuleSymbol
GLFW.lib(win32_init.obj) : error LNK2001: unresolved external symbol _glfwPlatformGetModuleSymbol
GLFW.lib(wgl_context.obj) : error LNK2001: unresolved external symbol _glfwPlatformGetModuleSymbol
GLFW.lib(egl_context.obj) : error LNK2001: unresolved external symbol _glfwPlatformGetModuleSymbol
ImGui.lib(imgui_demo.obj) : error LNK2019: unresolved external symbol "void __cdecl ImGui::TableNextRow(int,float)" (?TableNextRow@ImGui@@YAXHM@Z) referenced in function "public: static void __cdecl `void __cdecl ShowDemoWindowTables(void)'::`398'::MyTreeNode::DisplayNode(struct `void __cdecl ShowDemoWindowTables(void)'::`398'::MyTreeNode const *,struct `void __cdecl ShowDemoWindowTables(void)'::`398'::MyTreeNode const *)" (?DisplayNode@MyTreeNode@?BIO@??ShowDemoWindowTables@@YAXXZ@SAXPEBU1?BIO@??2@YAXXZ@0@Z)
ImGui.lib(imgui_demo.obj) : error LNK2019: unresolved external symbol "bool __cdecl ImGui::TableSetColumnIndex(int)" (?TableSetColumnIndex@ImGui@@YA_NH@Z) referenced in function "void __cdecl ShowDemoWindowTables(void)" (?ShowDemoWindowTables@@YAXXZ)
ImGui.lib(imgui_demo.obj) : error LNK2019: unresolved external symbol "void __cdecl ImGui::TableSetupScrollFreeze(int,int)" (?TableSetupScrollFreeze@ImGui@@YAXHH@Z) referenced in function "void __cdecl ShowDemoWindowTables(void)" (?ShowDemoWindowTables@@YAXXZ)
ImGui.lib(imgui_demo.obj) : error LNK2019: unresolved external symbol "void __cdecl ImGui::TableHeader(char const *)" (?TableHeader@ImGui@@YAXPEBD@Z) referenced in function "void __cdecl ShowDemoWindowTables(void)" (?ShowDemoWindowTables@@YAXXZ)
ImGui.lib(imgui_demo.obj) : error LNK2019: unresolved external symbol "struct ImGuiTableSortSpecs * __cdecl ImGui::TableGetSortSpecs(void)" (?TableGetSortSpecs@ImGui@@YAPEAUImGuiTableSortSpecs@@XZ) referenced in function "void __cdecl ShowDemoWindowTables(void)" (?ShowDemoWindowTables@@YAXXZ)
ImGui.lib(imgui_demo.obj) : error LNK2019: unresolved external symbol "int __cdecl ImGui::TableGetColumnIndex(void)" (?TableGetColumnIndex@ImGui@@YAHXZ) referenced in function "void __cdecl ShowDemoWindowTables(void)" (?ShowDemoWindowTables@@YAXXZ)
ImGui.lib(imgui_demo.obj) : error LNK2019: unresolved external symbol "int __cdecl ImGui::TableGetRowIndex(void)" (?TableGetRowIndex@ImGui@@YAHXZ) referenced in function "void __cdecl ShowDemoWindowTables(void)" (?ShowDemoWindowTables@@YAXXZ)
ImGui.lib(imgui_demo.obj) : error LNK2019: unresolved external symbol "char const * __cdecl ImGui::TableGetColumnName(int)" (?TableGetColumnName@ImGui@@YAPEBDH@Z) referenced in function "void __cdecl ShowDemoWindowTables(void)" (?ShowDemoWindowTables@@YAXXZ)
ImGui.lib(imgui_demo.obj) : error LNK2019: unresolved external symbol "int __cdecl ImGui::TableGetColumnFlags(int)" (?TableGetColumnFlags@ImGui@@YAHH@Z) referenced in function "void __cdecl ShowDemoWindowTables(void)" (?ShowDemoWindowTables@@YAXXZ)
ImGui.lib(imgui_demo.obj) : error LNK2019: unresolved external symbol "void __cdecl ImGui::Columns(int,char const *,bool)" (?Columns@ImGui@@YAXHPEBD_N@Z) referenced in function "void __cdecl ShowDemoWindowColumns(void)" (?ShowDemoWindowColumns@@YAXXZ)
ImGui.lib(imgui_demo.obj) : error LNK2019: unresolved external symbol "void __cdecl ImGui::NextColumn(void)" (?NextColumn@ImGui@@YAXXZ) referenced in function "void __cdecl ShowDemoWindowColumns(void)" (?ShowDemoWindowColumns@@YAXXZ)
ImGui.lib(imgui_demo.obj) : error LNK2019: unresolved external symbol "int __cdecl ImGui::GetColumnIndex(void)" (?GetColumnIndex@ImGui@@YAHXZ) referenced in function "void __cdecl ShowDemoWindowColumns(void)" (?ShowDemoWindowColumns@@YAXXZ)
ImGui.lib(imgui_demo.obj) : error LNK2019: unresolved external symbol "float __cdecl ImGui::GetColumnWidth(int)" (?GetColumnWidth@ImGui@@YAMH@Z) referenced in function "void __cdecl ShowDemoWindowColumns(void)" (?ShowDemoWindowColumns@@YAXXZ)
ImGui.lib(imgui_demo.obj) : error LNK2019: unresolved external symbol "float __cdecl ImGui::GetColumnOffset(int)" (?GetColumnOffset@ImGui@@YAMH@Z) referenced in function "void __cdecl ShowDemoWindowColumns(void)" (?ShowDemoWindowColumns@@YAXXZ)
..\bin\Release-windows-x86_64\Sandbox\Sandbox.exe : fatal error LNK1120: 41 unresolved externals
