cl : command line  warning D9025: overriding '/MTd' with '/MT'
  ImGuiLayer.cpp
C:\Dev\TGEP\TGEP\src\Layers\ImGuiLayer.cpp(4,10): fatal  error C1083: Cannot open include file: '../../ImGui/imgui_impl_glfw.h': No such file or directory
  client.cpp
C:\Dev\TGEP\TGEP\src\Networking\connection.h(5,10): fatal  error C1083: Cannot open include file: 'asio.hpp': No such file or directory
  connection.cpp
C:\Dev\TGEP\TGEP\src\Networking\connection.h(5,10): fatal  error C1083: Cannot open include file: 'asio.hpp': No such file or directory
  server.cpp
C:\Dev\TGEP\TGEP\src\Networking\connection.h(5,10): fatal  error C1083: Cannot open include file: 'asio.hpp': No such file or directory
  OpenGLBuffer.cpp
  OpenGLContext.cpp
  OpenGLShader.cpp
  OpenGLTexture.cpp
C:\Dev\TGEP\TGEP\src\RenderAPI\OpenGL\OpenGLTexture.cpp(5,10): fatal  error C1083: Cannot open include file: 'stb_image/stb_image.h': No such file or directory
  OpenGLVertexArray.cpp
C:\Dev\TGEP\TGEP\src\RenderAPI\OpenGL\OpenGLVertexArray.cpp(58,105): warning C4312: 'type cast': conversion from 'const uint32_t' to 'const void *' of greater size
  Buffer.cpp
  Camera.cpp
  Renderer.cpp
  RendererAPI.cpp
  Shader.cpp
  Texture.cpp
  OpenGLWindow.cpp
  Generating Code...
