c:\dev\tgep\bin\release-windows-x86_64\tgep\tgep.pdb
c:\dev\tgep\bin-obj\release-windows-x86_64\tgep\shader.obj
c:\dev\tgep\bin-obj\release-windows-x86_64\tgep\rendererapi.obj
c:\dev\tgep\bin-obj\release-windows-x86_64\tgep\renderer.obj
c:\dev\tgep\bin-obj\release-windows-x86_64\tgep\rendercommand.obj
c:\dev\tgep\bin-obj\release-windows-x86_64\tgep\camera.obj
c:\dev\tgep\bin-obj\release-windows-x86_64\tgep\buffer.obj
c:\dev\tgep\bin-obj\release-windows-x86_64\tgep\openglvertexarray.obj
c:\dev\tgep\bin-obj\release-windows-x86_64\tgep\opengltexture.obj
c:\dev\tgep\bin-obj\release-windows-x86_64\tgep\openglshader.obj
c:\dev\tgep\bin-obj\release-windows-x86_64\tgep\openglrendererapi.obj
c:\dev\tgep\bin-obj\release-windows-x86_64\tgep\openglcontext.obj
c:\dev\tgep\bin-obj\release-windows-x86_64\tgep\openglbuffer.obj
c:\dev\tgep\bin-obj\release-windows-x86_64\tgep\server.obj
c:\dev\tgep\bin-obj\release-windows-x86_64\tgep\connection.obj
c:\dev\tgep\bin-obj\release-windows-x86_64\tgep\client.obj
c:\dev\tgep\bin-obj\release-windows-x86_64\tgep\imguilayer.obj
c:\dev\tgep\bin-obj\release-windows-x86_64\tgep\layerstack.obj
c:\dev\tgep\bin-obj\release-windows-x86_64\tgep\layer.obj
c:\dev\tgep\bin-obj\release-windows-x86_64\tgep\input.obj
c:\dev\tgep\bin-obj\release-windows-x86_64\tgep\application.obj
c:\dev\tgep\bin-obj\release-windows-x86_64\tgep\stb_image.obj
c:\dev\tgep\bin-obj\release-windows-x86_64\tgep\openglwindow.obj
c:\dev\tgep\bin-obj\release-windows-x86_64\tgep\window.obj
c:\dev\tgep\bin-obj\release-windows-x86_64\tgep\vertexarray.obj
c:\dev\tgep\bin-obj\release-windows-x86_64\tgep\texture.obj
c:\dev\tgep\bin-obj\release-windows-x86_64\tgep\imguibuildcpp.obj
c:\dev\tgep\bin\release-windows-x86_64\tgep\tgep.lib
c:\dev\tgep\bin-obj\release-windows-x86_64\tgep\tgep.tlog\cl.command.1.tlog
c:\dev\tgep\bin-obj\release-windows-x86_64\tgep\tgep.tlog\cl.read.1.tlog
c:\dev\tgep\bin-obj\release-windows-x86_64\tgep\tgep.tlog\cl.write.1.tlog
c:\dev\tgep\bin-obj\release-windows-x86_64\tgep\tgep.tlog\lib-link.read.1.tlog
c:\dev\tgep\bin-obj\release-windows-x86_64\tgep\tgep.tlog\lib-link.write.1.tlog
c:\dev\tgep\bin-obj\release-windows-x86_64\tgep\tgep.tlog\lib.command.1.tlog
