  Sandbox.cpp
  Please define _WIN32_WINNT or _WIN32_WINDOWS appropriately. For example:
  - add -D_WIN32_WINNT=0x0601 to the compiler command line; or
  - add _WIN32_WINNT=0x0601 to your project's Preprocessor Definitions.
  Assuming _WIN32_WINNT=0x0601 (i.e. Windows 7 target).
C:\Program Files (x86)\Windows Kits\10\Include\10.0.22621.0\um\wingdi.h(118,1): warning C4005: 'ERROR': macro redefinition
C:\Dev\TGEP\TGEPNetworking\src\NetCore.h(9): message : see previous definition of 'ERROR'
C:\Dev\TGEP\TGEP\src\Profiling.h(87,60): warning C4244: '=': conversion from 'ULONGLONG' to 'double', possible loss of data
C:\Dev\TGEP\Sandbox\src\Sandbox.cpp(52,1): warning C4305: 'argument': truncation from 'double' to 'float'
C:\Dev\TGEP\TGEPNetworking\src\client.h(45,21): warning C4353: nonstandard extension used: constant 0 as function expression.  Use '__noop' function intrinsic instead
C:\Dev\TGEP\TGEPNetworking\src\client.h(27): message : while compiling class template member function 'bool TGEP::net::client_interface<MessageTypes>::Connect(const std::string &,const uint16_t)'
C:\Dev\TGEP\Sandbox\src\Sandbox.cpp(366): message : see reference to function template instantiation 'bool TGEP::net::client_interface<MessageTypes>::Connect(const std::string &,const uint16_t)' being compiled
C:\Dev\TGEP\Sandbox\src\Sandbox.cpp(19): message : see reference to class template instantiation 'TGEP::net::client_interface<MessageTypes>' being compiled
C:\Dev\TGEP\TGEPNetworking\src\connection.h(158,29): warning C4353: nonstandard extension used: constant 0 as function expression.  Use '__noop' function intrinsic instead
C:\Dev\TGEP\TGEPNetworking\src\connection.h(136): message : while compiling class template member function 'void TGEP::net::connection<T>::WriteHeader(void)'
          with
          [
              T=MessageTypes
          ]
C:\Dev\TGEP\TGEPNetworking\src\connection.h(82): message : see reference to function template instantiation 'void TGEP::net::connection<T>::WriteHeader(void)' being compiled
          with
          [
              T=MessageTypes
          ]
C:\Dev\TGEP\TGEPNetworking\src\client.h(78): message : see reference to class template instantiation 'TGEP::net::connection<T>' being compiled
          with
          [
              T=MessageTypes
          ]
C:\Dev\TGEP\TGEPNetworking\src\client.h(76): message : while compiling class template member function 'void TGEP::net::client_interface<MessageTypes>::Send(const TGEP::net::message<T> &)'
          with
          [
              T=MessageTypes
          ]
C:\Dev\TGEP\Sandbox\src\Sandbox.cpp(31): message : see reference to function template instantiation 'void TGEP::net::client_interface<MessageTypes>::Send(const TGEP::net::message<T> &)' being compiled
          with
          [
              T=MessageTypes
          ]
C:\Dev\TGEP\TGEPNetworking\src\connection.h(109,29): warning C4353: nonstandard extension used: constant 0 as function expression.  Use '__noop' function intrinsic instead
C:\Dev\TGEP\TGEPNetworking\src\connection.h(91): message : while compiling class template member function 'void TGEP::net::connection<T>::ReadHeader(void)'
          with
          [
              T=MessageTypes
          ]
C:\Dev\TGEP\TGEPNetworking\src\connection.h(54): message : see reference to function template instantiation 'void TGEP::net::connection<T>::ReadHeader(void)' being compiled
          with
          [
              T=MessageTypes
          ]
C:\Dev\TGEP\TGEPNetworking\src\connection.h(181,29): warning C4353: nonstandard extension used: constant 0 as function expression.  Use '__noop' function intrinsic instead
C:\Dev\TGEP\TGEPNetworking\src\connection.h(166): message : while compiling class template member function 'void TGEP::net::connection<T>::WriteBody(void)'
          with
          [
              T=MessageTypes
          ]
C:\Dev\TGEP\TGEPNetworking\src\connection.h(144): message : see reference to function template instantiation 'void TGEP::net::connection<T>::WriteBody(void)' being compiled
          with
          [
              T=MessageTypes
          ]
C:\Dev\TGEP\TGEPNetworking\src\connection.h(127,29): warning C4353: nonstandard extension used: constant 0 as function expression.  Use '__noop' function intrinsic instead
C:\Dev\TGEP\TGEPNetworking\src\connection.h(117): message : while compiling class template member function 'void TGEP::net::connection<T>::ReadBody(void)'
          with
          [
              T=MessageTypes
          ]
C:\Dev\TGEP\TGEPNetworking\src\connection.h(100): message : see reference to function template instantiation 'void TGEP::net::connection<T>::ReadBody(void)' being compiled
          with
          [
              T=MessageTypes
          ]
C:\Dev\TGEP\TGEPNetworking\src\message.h(40,1): warning C4267: '=': conversion from 'size_t' to 'uint32_t', possible loss of data
C:\Dev\TGEP\Sandbox\src\Sandbox.cpp(28): message : see reference to function template instantiation 'TGEP::net::message<T> &TGEP::net::operator <<<std::chrono::system_clock::time_point>(TGEP::net::message<T> &,const DataType &)' being compiled
          with
          [
              T=MessageTypes,
              DataType=std::chrono::system_clock::time_point
          ]
C:\Dev\TGEP\Sandbox\src\Sandbox.cpp(28): message : see reference to function template instantiation 'TGEP::net::message<T> &TGEP::net::operator <<<std::chrono::system_clock::time_point>(TGEP::net::message<T> &,const DataType &)' being compiled
          with
          [
              T=MessageTypes,
              DataType=std::chrono::system_clock::time_point
          ]
C:\Dev\TGEP\TGEPNetworking\src\message.h(56,1): warning C4267: '=': conversion from 'size_t' to 'uint32_t', possible loss of data
C:\Dev\TGEP\Sandbox\src\Sandbox.cpp(117): message : see reference to function template instantiation 'TGEP::net::message<T> &TGEP::net::operator >><std::chrono::system_clock::time_point>(TGEP::net::message<T> &,DataType &)' being compiled
          with
          [
              T=MessageTypes,
              DataType=std::chrono::system_clock::time_point
          ]
C:\Dev\TGEP\Sandbox\src\Sandbox.cpp(117): message : see reference to function template instantiation 'TGEP::net::message<T> &TGEP::net::operator >><std::chrono::system_clock::time_point>(TGEP::net::message<T> &,DataType &)' being compiled
          with
          [
              T=MessageTypes,
              DataType=std::chrono::system_clock::time_point
          ]
  Sandbox.vcxproj -> C:\Dev\TGEP\bin\Release-windows-x86_64\Sandbox\Sandbox.exe
