  Sandbox.cpp
C:\Dev\TGEP\TGEP\src\Profiling.h(86,60): warning C4244: '=': conversion from 'ULONGLONG' to 'double', possible loss of data
C:\Dev\TGEP\Sandbox\src\Sandbox.cpp(11,1): warning C4305: 'argument': truncation from 'double' to 'float'
C:\Dev\TGEP\Sandbox\src\Sandbox.cpp(73,42): warning C4996: 'inet_addr': Use inet_pton() or InetPton() instead or define _WINSOCK_DEPRECATED_NO_WARNINGS to disable deprecated API warnings
server.obj : error LNK2005: main already defined in Sandbox.obj
server.obj : error LNK2019: unresolved external symbol "public: __cdecl TGEP::net::server_interface<enum MessageType>::server_interface<enum MessageType>(unsigned short)" (??0?$server_interface@W4MessageType@@@net@TGEP@@QEAA@G@Z) referenced in function "public: __cdecl Server::Server(unsigned short)" (??0Server@@QEAA@G@Z)
server.obj : error LNK2019: unresolved external symbol "public: virtual __cdecl TGEP::net::server_interface<enum MessageType>::~server_interface<enum MessageType>(void)" (??1?$server_interface@W4MessageType@@@net@TGEP@@UEAA@XZ) referenced in function "public: virtual __cdecl Server::~Server(void)" (??1Server@@UEAA@XZ)
server.obj : error LNK2019: unresolved external symbol "public: bool __cdecl TGEP::net::server_interface<enum MessageType>::Start(void)" (?Start@?$server_interface@W4MessageType@@@net@TGEP@@QEAA_NXZ) referenced in function main
server.obj : error LNK2019: unresolved external symbol "public: void __cdecl TGEP::net::server_interface<enum MessageType>::Update(unsigned __int64)" (?Update@?$server_interface@W4MessageType@@@net@TGEP@@QEAAX_K@Z) referenced in function main
ImGui.lib(imgui.obj) : error LNK2019: unresolved external symbol "bool __cdecl ImGui::BeginTable(char const *,int,int,struct ImVec2 const &,float)" (?BeginTable@ImGui@@YA_NPEBDHHAEBUImVec2@@M@Z) referenced in function "void __cdecl ImGui::DebugNodeDockNode(struct ImGuiDockNode *,char const *)" (?DebugNodeDockNode@ImGui@@YAXPEAUImGuiDockNode@@PEBD@Z)
ImGui.lib(imgui_demo.obj) : error LNK2001: unresolved external symbol "bool __cdecl ImGui::BeginTable(char const *,int,int,struct ImVec2 const &,float)" (?BeginTable@ImGui@@YA_NPEBDHHAEBUImVec2@@M@Z)
ImGui.lib(imgui.obj) : error LNK2019: unresolved external symbol "void __cdecl ImGui::EndTable(void)" (?EndTable@ImGui@@YAXXZ) referenced in function "void __cdecl ImGui::DebugNodeDockNode(struct ImGuiDockNode *,char const *)" (?DebugNodeDockNode@ImGui@@YAXPEAUImGuiDockNode@@PEBD@Z)
ImGui.lib(imgui_demo.obj) : error LNK2001: unresolved external symbol "void __cdecl ImGui::EndTable(void)" (?EndTable@ImGui@@YAXXZ)
ImGui.lib(imgui.obj) : error LNK2019: unresolved external symbol "bool __cdecl ImGui::TableNextColumn(void)" (?TableNextColumn@ImGui@@YA_NXZ) referenced in function "void __cdecl ImGui::DebugNodeDockNode(struct ImGuiDockNode *,char const *)" (?DebugNodeDockNode@ImGui@@YAXPEAUImGuiDockNode@@PEBD@Z)
ImGui.lib(imgui_demo.obj) : error LNK2001: unresolved external symbol "bool __cdecl ImGui::TableNextColumn(void)" (?TableNextColumn@ImGui@@YA_NXZ)
ImGui.lib(imgui.obj) : error LNK2019: unresolved external symbol "void __cdecl ImGui::TableSetupColumn(char const *,int,float,unsigned int)" (?TableSetupColumn@ImGui@@YAXPEBDHMI@Z) referenced in function "void __cdecl ImGui::DebugTextEncoding(char const *)" (?DebugTextEncoding@ImGui@@YAXPEBD@Z)
ImGui.lib(imgui_demo.obj) : error LNK2001: unresolved external symbol "void __cdecl ImGui::TableSetupColumn(char const *,int,float,unsigned int)" (?TableSetupColumn@ImGui@@YAXPEBDHMI@Z)
ImGui.lib(imgui.obj) : error LNK2019: unresolved external symbol "void __cdecl ImGui::TableHeadersRow(void)" (?TableHeadersRow@ImGui@@YAXXZ) referenced in function "void __cdecl ImGui::DebugTextEncoding(char const *)" (?DebugTextEncoding@ImGui@@YAXPEBD@Z)
ImGui.lib(imgui_demo.obj) : error LNK2001: unresolved external symbol "void __cdecl ImGui::TableHeadersRow(void)" (?TableHeadersRow@ImGui@@YAXXZ)
ImGui.lib(imgui.obj) : error LNK2019: unresolved external symbol "void __cdecl ImGui::TableSetBgColor(int,unsigned int,int)" (?TableSetBgColor@ImGui@@YAXHIH@Z) referenced in function "void __cdecl ImGui::ShowStackToolWindow(bool *)" (?ShowStackToolWindow@ImGui@@YAXPEA_N@Z)
ImGui.lib(imgui_demo.obj) : error LNK2001: unresolved external symbol "void __cdecl ImGui::TableSetBgColor(int,unsigned int,int)" (?TableSetBgColor@ImGui@@YAXHIH@Z)
ImGui.lib(imgui.obj) : error LNK2019: unresolved external symbol "void __cdecl ImGui::EndColumns(void)" (?EndColumns@ImGui@@YAXXZ) referenced in function "void __cdecl ImGui::End(void)" (?End@ImGui@@YAXXZ)
ImGui.lib(imgui.obj) : error LNK2019: unresolved external symbol "float __cdecl ImGui::GetColumnOffsetFromNorm(struct ImGuiOldColumns const *,float)" (?GetColumnOffsetFromNorm@ImGui@@YAMPEBUImGuiOldColumns@@M@Z) referenced in function "void __cdecl ImGui::DebugNodeColumns(struct ImGuiOldColumns *)" (?DebugNodeColumns@ImGui@@YAXPEAUImGuiOldColumns@@@Z)
ImGui.lib(imgui.obj) : error LNK2019: unresolved external symbol "void __cdecl ImGui::TableEndRow(struct ImGuiTable *)" (?TableEndRow@ImGui@@YAXPEAUImGuiTable@@@Z) referenced in function "public: void __cdecl ImGuiListClipper::Begin(int,float)" (?Begin@ImGuiListClipper@@QEAAXHM@Z)
ImGui.lib(imgui.obj) : error LNK2019: unresolved external symbol "void __cdecl ImGui::TableGcCompactTransientBuffers(struct ImGuiTable *)" (?TableGcCompactTransientBuffers@ImGui@@YAXPEAUImGuiTable@@@Z) referenced in function "void __cdecl ImGui::NewFrame(void)" (?NewFrame@ImGui@@YAXXZ)
ImGui.lib(imgui.obj) : error LNK2019: unresolved external symbol "void __cdecl ImGui::TableGcCompactTransientBuffers(struct ImGuiTableTempData *)" (?TableGcCompactTransientBuffers@ImGui@@YAXPEAUImGuiTableTempData@@@Z) referenced in function "void __cdecl ImGui::NewFrame(void)" (?NewFrame@ImGui@@YAXXZ)
ImGui.lib(imgui.obj) : error LNK2019: unresolved external symbol "void __cdecl ImGui::TableGcCompactSettings(void)" (?TableGcCompactSettings@ImGui@@YAXXZ) referenced in function "void __cdecl ImGui::GcCompactTransientMiscBuffers(void)" (?GcCompactTransientMiscBuffers@ImGui@@YAXXZ)
ImGui.lib(imgui.obj) : error LNK2019: unresolved external symbol "void __cdecl ImGui::TableSettingsAddSettingsHandler(void)" (?TableSettingsAddSettingsHandler@ImGui@@YAXXZ) referenced in function "void __cdecl ImGui::Initialize(void)" (?Initialize@ImGui@@YAXXZ)
ImGui.lib(imgui.obj) : error LNK2019: unresolved external symbol "void __cdecl ImGui::DebugNodeTable(struct ImGuiTable *)" (?DebugNodeTable@ImGui@@YAXPEAUImGuiTable@@@Z) referenced in function "void __cdecl ImGui::ShowMetricsWindow(bool *)" (?ShowMetricsWindow@ImGui@@YAXPEA_N@Z)
ImGui.lib(imgui.obj) : error LNK2019: unresolved external symbol "void __cdecl ImGui::DebugNodeTableSettings(struct ImGuiTableSettings *)" (?DebugNodeTableSettings@ImGui@@YAXPEAUImGuiTableSettings@@@Z) referenced in function "void __cdecl ImGui::ShowMetricsWindow(bool *)" (?ShowMetricsWindow@ImGui@@YAXPEA_N@Z)
ImGui.lib(imgui_widgets.obj) : error LNK2019: unresolved external symbol "void __cdecl ImGui::PushColumnsBackground(void)" (?PushColumnsBackground@ImGui@@YAXXZ) referenced in function "bool __cdecl ImGui::Selectable(char const *,bool,int,struct ImVec2 const &)" (?Selectable@ImGui@@YA_NPEBD_NHAEBUImVec2@@@Z)
ImGui.lib(imgui_widgets.obj) : error LNK2019: unresolved external symbol "void __cdecl ImGui::PopColumnsBackground(void)" (?PopColumnsBackground@ImGui@@YAXXZ) referenced in function "bool __cdecl ImGui::Selectable(char const *,bool,int,struct ImVec2 const &)" (?Selectable@ImGui@@YA_NPEBD_NHAEBUImVec2@@@Z)
ImGui.lib(imgui_widgets.obj) : error LNK2019: unresolved external symbol "void __cdecl ImGui::TablePushBackgroundChannel(void)" (?TablePushBackgroundChannel@ImGui@@YAXXZ) referenced in function "bool __cdecl ImGui::Selectable(char const *,bool,int,struct ImVec2 const &)" (?Selectable@ImGui@@YA_NPEBD_NHAEBUImVec2@@@Z)
ImGui.lib(imgui_widgets.obj) : error LNK2019: unresolved external symbol "void __cdecl ImGui::TablePopBackgroundChannel(void)" (?TablePopBackgroundChannel@ImGui@@YAXXZ) referenced in function "bool __cdecl ImGui::Selectable(char const *,bool,int,struct ImVec2 const &)" (?Selectable@ImGui@@YA_NPEBD_NHAEBUImVec2@@@Z)
TGEP.lib(Application.obj) : error LNK2019: unresolved external symbol glfwGetTime referenced in function "public: void __cdecl TGEP::Application::Run(void)" (?Run@Application@TGEP@@QEAAXXZ)
TGEP.lib(ImGuiLayer.obj) : error LNK2019: unresolved external symbol glfwMakeContextCurrent referenced in function "public: void __cdecl TGEP::ImGuiLayer::End(void)" (?End@ImGuiLayer@TGEP@@QEAAXXZ)
TGEP.lib(OpenGLContext.obj) : error LNK2001: unresolved external symbol glfwMakeContextCurrent
TGEP.lib(ImGuiLayer.obj) : error LNK2019: unresolved external symbol glfwGetCurrentContext referenced in function "public: void __cdecl TGEP::ImGuiLayer::End(void)" (?End@ImGuiLayer@TGEP@@QEAAXXZ)
TGEP.lib(ImGuiLayer.obj) : error LNK2019: unresolved external symbol "bool __cdecl ImGui_ImplGlfw_InitForOpenGL(struct GLFWwindow *,bool)" (?ImGui_ImplGlfw_InitForOpenGL@@YA_NPEAUGLFWwindow@@_N@Z) referenced in function "public: virtual void __cdecl TGEP::ImGuiLayer::OnAttach(void)" (?OnAttach@ImGuiLayer@TGEP@@UEAAXXZ)
TGEP.lib(ImGuiLayer.obj) : error LNK2019: unresolved external symbol "void __cdecl ImGui_ImplGlfw_Shutdown(void)" (?ImGui_ImplGlfw_Shutdown@@YAXXZ) referenced in function "public: virtual void __cdecl TGEP::ImGuiLayer::OnDetach(void)" (?OnDetach@ImGuiLayer@TGEP@@UEAAXXZ)
TGEP.lib(ImGuiLayer.obj) : error LNK2019: unresolved external symbol "void __cdecl ImGui_ImplGlfw_NewFrame(void)" (?ImGui_ImplGlfw_NewFrame@@YAXXZ) referenced in function "public: void __cdecl TGEP::ImGuiLayer::Begin(void)" (?Begin@ImGuiLayer@TGEP@@QEAAXXZ)
TGEP.lib(ImGuiLayer.obj) : error LNK2019: unresolved external symbol "bool __cdecl ImGui_ImplOpenGL3_Init(char const *)" (?ImGui_ImplOpenGL3_Init@@YA_NPEBD@Z) referenced in function "public: virtual void __cdecl TGEP::ImGuiLayer::OnAttach(void)" (?OnAttach@ImGuiLayer@TGEP@@UEAAXXZ)
TGEP.lib(ImGuiLayer.obj) : error LNK2019: unresolved external symbol "void __cdecl ImGui_ImplOpenGL3_Shutdown(void)" (?ImGui_ImplOpenGL3_Shutdown@@YAXXZ) referenced in function "public: virtual void __cdecl TGEP::ImGuiLayer::OnDetach(void)" (?OnDetach@ImGuiLayer@TGEP@@UEAAXXZ)
TGEP.lib(ImGuiLayer.obj) : error LNK2019: unresolved external symbol "void __cdecl ImGui_ImplOpenGL3_NewFrame(void)" (?ImGui_ImplOpenGL3_NewFrame@@YAXXZ) referenced in function "public: void __cdecl TGEP::ImGuiLayer::Begin(void)" (?Begin@ImGuiLayer@TGEP@@QEAAXXZ)
TGEP.lib(ImGuiLayer.obj) : error LNK2019: unresolved external symbol "void __cdecl ImGui_ImplOpenGL3_RenderDrawData(struct ImDrawData *)" (?ImGui_ImplOpenGL3_RenderDrawData@@YAXPEAUImDrawData@@@Z) referenced in function "public: void __cdecl TGEP::ImGuiLayer::End(void)" (?End@ImGuiLayer@TGEP@@QEAAXXZ)
TGEP.lib(OpenGLWindow.obj) : error LNK2019: unresolved external symbol glfwInit referenced in function "private: void __cdecl TGEP::OpenGLWindow::Init(struct TGEP::WindowProperties const &)" (?Init@OpenGLWindow@TGEP@@AEAAXAEBUWindowProperties@2@@Z)
TGEP.lib(OpenGLWindow.obj) : error LNK2019: unresolved external symbol glfwSetErrorCallback referenced in function "private: void __cdecl TGEP::OpenGLWindow::Init(struct TGEP::WindowProperties const &)" (?Init@OpenGLWindow@TGEP@@AEAAXAEBUWindowProperties@2@@Z)
TGEP.lib(OpenGLWindow.obj) : error LNK2019: unresolved external symbol glfwCreateWindow referenced in function "private: void __cdecl TGEP::OpenGLWindow::Init(struct TGEP::WindowProperties const &)" (?Init@OpenGLWindow@TGEP@@AEAAXAEBUWindowProperties@2@@Z)
TGEP.lib(OpenGLWindow.obj) : error LNK2019: unresolved external symbol glfwDestroyWindow referenced in function "private: void __cdecl TGEP::OpenGLWindow::Shutdown(void)" (?Shutdown@OpenGLWindow@TGEP@@AEAAXXZ)
TGEP.lib(OpenGLWindow.obj) : error LNK2019: unresolved external symbol glfwSetWindowUserPointer referenced in function "private: void __cdecl TGEP::OpenGLWindow::Init(struct TGEP::WindowProperties const &)" (?Init@OpenGLWindow@TGEP@@AEAAXAEBUWindowProperties@2@@Z)
TGEP.lib(OpenGLWindow.obj) : error LNK2019: unresolved external symbol glfwGetWindowUserPointer referenced in function "public: __cdecl `private: void __cdecl TGEP::OpenGLWindow::Init(struct TGEP::WindowProperties const &)'::`2'::<lambda_1>::operator()(struct GLFWwindow *,int,int)const " (??R<lambda_1>@?1??Init@OpenGLWindow@TGEP@@AEAAXAEBUWindowProperties@3@@Z@QEBA@PEAUGLFWwindow@@HH@Z)
TGEP.lib(OpenGLWindow.obj) : error LNK2019: unresolved external symbol glfwSetWindowSizeCallback referenced in function "private: void __cdecl TGEP::OpenGLWindow::Init(struct TGEP::WindowProperties const &)" (?Init@OpenGLWindow@TGEP@@AEAAXAEBUWindowProperties@2@@Z)
TGEP.lib(OpenGLWindow.obj) : error LNK2019: unresolved external symbol glfwSetWindowCloseCallback referenced in function "private: void __cdecl TGEP::OpenGLWindow::Init(struct TGEP::WindowProperties const &)" (?Init@OpenGLWindow@TGEP@@AEAAXAEBUWindowProperties@2@@Z)
TGEP.lib(OpenGLWindow.obj) : error LNK2019: unresolved external symbol glfwPollEvents referenced in function "public: virtual void __cdecl TGEP::OpenGLWindow::OnUpdate(void)" (?OnUpdate@OpenGLWindow@TGEP@@UEAAXXZ)
TGEP.lib(OpenGLWindow.obj) : error LNK2019: unresolved external symbol glfwSetKeyCallback referenced in function "private: void __cdecl TGEP::OpenGLWindow::Init(struct TGEP::WindowProperties const &)" (?Init@OpenGLWindow@TGEP@@AEAAXAEBUWindowProperties@2@@Z)
TGEP.lib(OpenGLWindow.obj) : error LNK2019: unresolved external symbol glfwSetCharCallback referenced in function "private: void __cdecl TGEP::OpenGLWindow::Init(struct TGEP::WindowProperties const &)" (?Init@OpenGLWindow@TGEP@@AEAAXAEBUWindowProperties@2@@Z)
TGEP.lib(OpenGLWindow.obj) : error LNK2019: unresolved external symbol glfwSetMouseButtonCallback referenced in function "private: void __cdecl TGEP::OpenGLWindow::Init(struct TGEP::WindowProperties const &)" (?Init@OpenGLWindow@TGEP@@AEAAXAEBUWindowProperties@2@@Z)
TGEP.lib(OpenGLWindow.obj) : error LNK2019: unresolved external symbol glfwSetCursorPosCallback referenced in function "private: void __cdecl TGEP::OpenGLWindow::Init(struct TGEP::WindowProperties const &)" (?Init@OpenGLWindow@TGEP@@AEAAXAEBUWindowProperties@2@@Z)
TGEP.lib(OpenGLWindow.obj) : error LNK2019: unresolved external symbol glfwSetScrollCallback referenced in function "private: void __cdecl TGEP::OpenGLWindow::Init(struct TGEP::WindowProperties const &)" (?Init@OpenGLWindow@TGEP@@AEAAXAEBUWindowProperties@2@@Z)
TGEP.lib(OpenGLWindow.obj) : error LNK2019: unresolved external symbol glfwSwapInterval referenced in function "public: virtual void __cdecl TGEP::OpenGLWindow::SetVSync(bool)" (?SetVSync@OpenGLWindow@TGEP@@UEAAX_N@Z)
TGEP.lib(OpenGLContext.obj) : error LNK2019: unresolved external symbol glfwSwapBuffers referenced in function "public: virtual void __cdecl TGEP::OpenGLContext::SwapBuffers(void)" (?SwapBuffers@OpenGLContext@TGEP@@UEAAXXZ)
TGEP.lib(OpenGLContext.obj) : error LNK2019: unresolved external symbol glfwGetProcAddress referenced in function "public: virtual void __cdecl TGEP::OpenGLContext::Init(void)" (?Init@OpenGLContext@TGEP@@UEAAXXZ)
ImGui.lib(imgui_demo.obj) : error LNK2019: unresolved external symbol "void __cdecl ImGui::TableNextRow(int,float)" (?TableNextRow@ImGui@@YAXHM@Z) referenced in function "public: static void __cdecl `void __cdecl ShowDemoWindowTables(void)'::`398'::MyTreeNode::DisplayNode(struct `void __cdecl ShowDemoWindowTables(void)'::`398'::MyTreeNode const *,struct `void __cdecl ShowDemoWindowTables(void)'::`398'::MyTreeNode const *)" (?DisplayNode@MyTreeNode@?BIO@??ShowDemoWindowTables@@YAXXZ@SAXPEBU1?BIO@??2@YAXXZ@0@Z)
ImGui.lib(imgui_demo.obj) : error LNK2019: unresolved external symbol "bool __cdecl ImGui::TableSetColumnIndex(int)" (?TableSetColumnIndex@ImGui@@YA_NH@Z) referenced in function "void __cdecl ShowDemoWindowTables(void)" (?ShowDemoWindowTables@@YAXXZ)
ImGui.lib(imgui_demo.obj) : error LNK2019: unresolved external symbol "void __cdecl ImGui::TableSetupScrollFreeze(int,int)" (?TableSetupScrollFreeze@ImGui@@YAXHH@Z) referenced in function "void __cdecl ShowDemoWindowTables(void)" (?ShowDemoWindowTables@@YAXXZ)
ImGui.lib(imgui_demo.obj) : error LNK2019: unresolved external symbol "void __cdecl ImGui::TableHeader(char const *)" (?TableHeader@ImGui@@YAXPEBD@Z) referenced in function "void __cdecl ShowDemoWindowTables(void)" (?ShowDemoWindowTables@@YAXXZ)
ImGui.lib(imgui_demo.obj) : error LNK2019: unresolved external symbol "struct ImGuiTableSortSpecs * __cdecl ImGui::TableGetSortSpecs(void)" (?TableGetSortSpecs@ImGui@@YAPEAUImGuiTableSortSpecs@@XZ) referenced in function "void __cdecl ShowDemoWindowTables(void)" (?ShowDemoWindowTables@@YAXXZ)
ImGui.lib(imgui_demo.obj) : error LNK2019: unresolved external symbol "int __cdecl ImGui::TableGetColumnIndex(void)" (?TableGetColumnIndex@ImGui@@YAHXZ) referenced in function "void __cdecl ShowDemoWindowTables(void)" (?ShowDemoWindowTables@@YAXXZ)
ImGui.lib(imgui_demo.obj) : error LNK2019: unresolved external symbol "int __cdecl ImGui::TableGetRowIndex(void)" (?TableGetRowIndex@ImGui@@YAHXZ) referenced in function "void __cdecl ShowDemoWindowTables(void)" (?ShowDemoWindowTables@@YAXXZ)
ImGui.lib(imgui_demo.obj) : error LNK2019: unresolved external symbol "char const * __cdecl ImGui::TableGetColumnName(int)" (?TableGetColumnName@ImGui@@YAPEBDH@Z) referenced in function "void __cdecl ShowDemoWindowTables(void)" (?ShowDemoWindowTables@@YAXXZ)
ImGui.lib(imgui_demo.obj) : error LNK2019: unresolved external symbol "int __cdecl ImGui::TableGetColumnFlags(int)" (?TableGetColumnFlags@ImGui@@YAHH@Z) referenced in function "void __cdecl ShowDemoWindowTables(void)" (?ShowDemoWindowTables@@YAXXZ)
ImGui.lib(imgui_demo.obj) : error LNK2019: unresolved external symbol "void __cdecl ImGui::Columns(int,char const *,bool)" (?Columns@ImGui@@YAXHPEBD_N@Z) referenced in function "void __cdecl ShowDemoWindowColumns(void)" (?ShowDemoWindowColumns@@YAXXZ)
ImGui.lib(imgui_demo.obj) : error LNK2019: unresolved external symbol "void __cdecl ImGui::NextColumn(void)" (?NextColumn@ImGui@@YAXXZ) referenced in function "void __cdecl ShowDemoWindowColumns(void)" (?ShowDemoWindowColumns@@YAXXZ)
ImGui.lib(imgui_demo.obj) : error LNK2019: unresolved external symbol "int __cdecl ImGui::GetColumnIndex(void)" (?GetColumnIndex@ImGui@@YAHXZ) referenced in function "void __cdecl ShowDemoWindowColumns(void)" (?ShowDemoWindowColumns@@YAXXZ)
ImGui.lib(imgui_demo.obj) : error LNK2019: unresolved external symbol "float __cdecl ImGui::GetColumnWidth(int)" (?GetColumnWidth@ImGui@@YAMH@Z) referenced in function "void __cdecl ShowDemoWindowColumns(void)" (?ShowDemoWindowColumns@@YAXXZ)
ImGui.lib(imgui_demo.obj) : error LNK2019: unresolved external symbol "float __cdecl ImGui::GetColumnOffset(int)" (?GetColumnOffset@ImGui@@YAMH@Z) referenced in function "void __cdecl ShowDemoWindowColumns(void)" (?ShowDemoWindowColumns@@YAXXZ)
..\bin\Debug-windows-x86_64\Sandbox\Sandbox.exe : fatal error LNK1120: 64 unresolved externals
